<?xml version="1.0" encoding="UTF-8"?>
<testsuite name="org.bukkit.craftbukkit.inventory.ItemMetaImplementationOverrideTest" time="0.007" tests="99" errors="0" skipped="0" failures="0">
  <properties>
[...]
</properties>
  <testcase name="testClass[[0]:CraftMetaPotion contains clone]" classname="org.bukkit.craftbukkit.inventory.ItemMetaImplementationOverrideTest" time="0"/>
  <testcase name="testClass[[1]:CraftMetaPotion contains isEmpty]" classname="org.bukkit.craftbukkit.inventory.ItemMetaImplementationOverrideTest" time="0"/>
  <testcase name="testClass[[2]:CraftMetaPotion contains applicableTo]" classname="org.bukkit.craftbukkit.inventory.ItemMetaImplementationOverrideTest" time="0"/>
  <testcase name="testClass[[3]:CraftMetaPotion contains serialize]" classname="org.bukkit.craftbukkit.inventory.ItemMetaImplementationOverrideTest" time="0"/>
  <testcase name="testClass[[4]:CraftMetaPotion contains applyToItem]" classname="org.bukkit.craftbukkit.inventory.ItemMetaImplementationOverrideTest" time="0"/>
  <testcase name="testClass[[5]:CraftMetaPotion contains applyHash]" classname="org.bukkit.craftbukkit.inventory.ItemMetaImplementationOverrideTest" time="0"/>
  <testcase name="testClass[[6]:CraftMetaPotion contains equalsCommon]" classname="org.bukkit.craftbukkit.inventory.ItemMetaImplementationOverrideTest" time="0"/>
  <testcase name="testClass[[7]:CraftMetaPotion contains notUncommon]" classname="org.bukkit.craftbukkit.inventory.ItemMetaImplementationOverrideTest" time="0"/>
  <testcase name="testClass[[8]:CraftMetaPotion contains annotation interface org.bukkit.configuration.serialization.DelegateDeserialization]" classname="org.bukkit.craftbukkit.inventory.ItemMetaImplementationOverrideTest" time="0.001"/>
  <testcase name="testClass[[9]:CraftMetaCharge contains clone]" classname="org.bukkit.craftbukkit.inventory.ItemMetaImplementationOverrideTest" time="0"/>
  <testcase name="testClass[[10]:CraftMetaCharge contains isEmpty]" classname="org.bukkit.craftbukkit.inventory.ItemMetaImplementationOverrideTest" time="0"/>
  <testcase name="testClass[[11]:CraftMetaCharge contains applicableTo]" classname="org.bukkit.craftbukkit.inventory.ItemMetaImplementationOverrideTest" time="0"/>
  <testcase name="testClass[[12]:CraftMetaCharge contains serialize]" classname="org.bukkit.craftbukkit.inventory.ItemMetaImplementationOverrideTest" time="0"/>
  <testcase name="testClass[[13]:CraftMetaCharge contains applyToItem]" classname="org.bukkit.craftbukkit.inventory.ItemMetaImplementationOverrideTest" time="0"/>
  <testcase name="testClass[[14]:CraftMetaCharge contains applyHash]" classname="org.bukkit.craftbukkit.inventory.ItemMetaImplementationOverrideTest" time="0"/>
  <testcase name="testClass[[15]:CraftMetaCharge contains equalsCommon]" classname="org.bukkit.craftbukkit.inventory.ItemMetaImplementationOverrideTest" time="0.001"/>
  <testcase name="testClass[[16]:CraftMetaCharge contains notUncommon]" classname="org.bukkit.craftbukkit.inventory.ItemMetaImplementationOverrideTest" time="0"/>
  <testcase name="testClass[[17]:CraftMetaCharge contains annotation interface org.bukkit.configuration.serialization.DelegateDeserialization]" classname="org.bukkit.craftbukkit.inventory.ItemMetaImplementationOverrideTest" time="0"/>
  <testcase name="testClass[[18]:CraftMetaLeatherArmor contains clone]" classname="org.bukkit.craftbukkit.inventory.ItemMetaImplementationOverrideTest" time="0"/>
  <testcase name="testClass[[19]:CraftMetaLeatherArmor contains isEmpty]" classname="org.bukkit.craftbukkit.inventory.ItemMetaImplementationOverrideTest" time="0"/>
  <testcase name="testClass[[20]:CraftMetaLeatherArmor contains applicableTo]" classname="org.bukkit.craftbukkit.inventory.ItemMetaImplementationOverrideTest" time="0"/>
  <testcase name="testClass[[21]:CraftMetaLeatherArmor contains serialize]" classname="org.bukkit.craftbukkit.inventory.ItemMetaImplementationOverrideTest" time="0"/>
  <testcase name="testClass[[22]:CraftMetaLeatherArmor contains applyToItem]" classname="org.bukkit.craftbukkit.inventory.ItemMetaImplementationOverrideTest" time="0"/>
  <testcase name="testClass[[23]:CraftMetaLeatherArmor contains applyHash]" classname="org.bukkit.craftbukkit.inventory.ItemMetaImplementationOverrideTest" time="0"/>
  <testcase name="testClass[[24]:CraftMetaLeatherArmor contains equalsCommon]" classname="org.bukkit.craftbukkit.inventory.ItemMetaImplementationOverrideTest" time="0"/>
  <testcase name="testClass[[25]:CraftMetaLeatherArmor contains notUncommon]" classname="org.bukkit.craftbukkit.inventory.ItemMetaImplementationOverrideTest" time="0"/>
  <testcase name="testClass[[26]:CraftMetaLeatherArmor contains annotation interface org.bukkit.configuration.serialization.DelegateDeserialization]" classname="org.bukkit.craftbukkit.inventory.ItemMetaImplementationOverrideTest" time="0"/>
  <testcase name="testClass[[27]:CraftMetaBookSigned contains clone]" classname="org.bukkit.craftbukkit.inventory.ItemMetaImplementationOverrideTest" time="0.002"/>
  <testcase name="testClass[[28]:CraftMetaBookSigned contains isEmpty]" classname="org.bukkit.craftbukkit.inventory.ItemMetaImplementationOverrideTest" time="0"/>
  <testcase name="testClass[[29]:CraftMetaBookSigned contains applicableTo]" classname="org.bukkit.craftbukkit.inventory.ItemMetaImplementationOverrideTest" time="0"/>
  <testcase name="testClass[[30]:CraftMetaBookSigned contains serialize]" classname="org.bukkit.craftbukkit.inventory.ItemMetaImplementationOverrideTest" time="0"/>
  <testcase name="testClass[[31]:CraftMetaBookSigned contains applyToItem]" classname="org.bukkit.craftbukkit.inventory.ItemMetaImplementationOverrideTest" time="0"/>
  <testcase name="testClass[[32]:CraftMetaBookSigned contains applyHash]" classname="org.bukkit.craftbukkit.inventory.ItemMetaImplementationOverrideTest" time="0"/>
  <testcase name="testClass[[33]:CraftMetaBookSigned contains equalsCommon]" classname="org.bukkit.craftbukkit.inventory.ItemMetaImplementationOverrideTest" time="0"/>
  <testcase name="testClass[[34]:CraftMetaBookSigned contains notUncommon]" classname="org.bukkit.craftbukkit.inventory.ItemMetaImplementationOverrideTest" time="0"/>
  <testcase name="testClass[[35]:CraftMetaBookSigned contains annotation interface org.bukkit.configuration.serialization.DelegateDeserialization]" classname="org.bukkit.craftbukkit.inventory.ItemMetaImplementationOverrideTest" time="0"/>
  <testcase name="testClass[[36]:CraftMetaBanner contains clone]" classname="org.bukkit.craftbukkit.inventory.ItemMetaImplementationOverrideTest" time="0"/>
  <testcase name="testClass[[37]:CraftMetaBanner contains isEmpty]" classname="org.bukkit.craftbukkit.inventory.ItemMetaImplementationOverrideTest" time="0"/>
  <testcase name="testClass[[38]:CraftMetaBanner contains applicableTo]" classname="org.bukkit.craftbukkit.inventory.ItemMetaImplementationOverrideTest" time="0"/>
  <testcase name="testClass[[39]:CraftMetaBanner contains serialize]" classname="org.bukkit.craftbukkit.inventory.ItemMetaImplementationOverrideTest" time="0"/>
  <testcase name="testClass[[40]:CraftMetaBanner contains applyToItem]" classname="org.bukkit.craftbukkit.inventory.ItemMetaImplementationOverrideTest" time="0.001"/>
  <testcase name="testClass[[41]:CraftMetaBanner contains applyHash]" classname="org.bukkit.craftbukkit.inventory.ItemMetaImplementationOverrideTest" time="0"/>
  <testcase name="testClass[[42]:CraftMetaBanner contains equalsCommon]" classname="org.bukkit.craftbukkit.inventory.ItemMetaImplementationOverrideTest" time="0"/>
  <testcase name="testClass[[43]:CraftMetaBanner contains notUncommon]" classname="org.bukkit.craftbukkit.inventory.ItemMetaImplementationOverrideTest" time="0"/>
  <testcase name="testClass[[44]:CraftMetaBanner contains annotation interface org.bukkit.configuration.serialization.DelegateDeserialization]" classname="org.bukkit.craftbukkit.inventory.ItemMetaImplementationOverrideTest" time="0"/>
  <testcase name="testClass[[45]:CraftMetaMap contains clone]" classname="org.bukkit.craftbukkit.inventory.ItemMetaImplementationOverrideTest" time="0"/>
  <testcase name="testClass[[46]:CraftMetaMap contains isEmpty]" classname="org.bukkit.craftbukkit.inventory.ItemMetaImplementationOverrideTest" time="0"/>
  <testcase name="testClass[[47]:CraftMetaMap contains applicableTo]" classname="org.bukkit.craftbukkit.inventory.ItemMetaImplementationOverrideTest" time="0"/>
  <testcase name="testClass[[48]:CraftMetaMap contains serialize]" classname="org.bukkit.craftbukkit.inventory.ItemMetaImplementationOverrideTest" time="0"/>
  <testcase name="testClass[[49]:CraftMetaMap contains applyToItem]" classname="org.bukkit.craftbukkit.inventory.ItemMetaImplementationOverrideTest" time="0"/>
  <testcase name="testClass[[50]:CraftMetaMap contains applyHash]" classname="org.bukkit.craftbukkit.inventory.ItemMetaImplementationOverrideTest" time="0"/>
  <testcase name="testClass[[51]:CraftMetaMap contains equalsCommon]" classname="org.bukkit.craftbukkit.inventory.ItemMetaImplementationOverrideTest" time="0"/>
  <testcase name="testClass[[52]:CraftMetaMap contains notUncommon]" classname="org.bukkit.craftbukkit.inventory.ItemMetaImplementationOverrideTest" time="0"/>
  <testcase name="testClass[[53]:CraftMetaMap contains annotation interface org.bukkit.configuration.serialization.DelegateDeserialization]" classname="org.bukkit.craftbukkit.inventory.ItemMetaImplementationOverrideTest" time="0.001"/>
  <testcase name="testClass[[54]:CraftMetaFirework contains clone]" classname="org.bukkit.craftbukkit.inventory.ItemMetaImplementationOverrideTest" time="0"/>
  <testcase name="testClass[[55]:CraftMetaFirework contains isEmpty]" classname="org.bukkit.craftbukkit.inventory.ItemMetaImplementationOverrideTest" time="0"/>
  <testcase name="testClass[[56]:CraftMetaFirework contains applicableTo]" classname="org.bukkit.craftbukkit.inventory.ItemMetaImplementationOverrideTest" time="0"/>
  <testcase name="testClass[[57]:CraftMetaFirework contains serialize]" classname="org.bukkit.craftbukkit.inventory.ItemMetaImplementationOverrideTest" time="0"/>
  <testcase name="testClass[[58]:CraftMetaFirework contains applyToItem]" classname="org.bukkit.craftbukkit.inventory.ItemMetaImplementationOverrideTest" time="0"/>
  <testcase name="testClass[[59]:CraftMetaFirework contains applyHash]" classname="org.bukkit.craftbukkit.inventory.ItemMetaImplementationOverrideTest" time="0"/>
  <testcase name="testClass[[60]:CraftMetaFirework contains equalsCommon]" classname="org.bukkit.craftbukkit.inventory.ItemMetaImplementationOverrideTest" time="0"/>
  <testcase name="testClass[[61]:CraftMetaFirework contains notUncommon]" classname="org.bukkit.craftbukkit.inventory.ItemMetaImplementationOverrideTest" time="0"/>
  <testcase name="testClass[[62]:CraftMetaFirework contains annotation interface org.bukkit.configuration.serialization.DelegateDeserialization]" classname="org.bukkit.craftbukkit.inventory.ItemMetaImplementationOverrideTest" time="0"/>
  <testcase name="testClass[[63]:CraftMetaEnchantedBook contains clone]" classname="org.bukkit.craftbukkit.inventory.ItemMetaImplementationOverrideTest" time="0"/>
  <testcase name="testClass[[64]:CraftMetaEnchantedBook contains isEmpty]" classname="org.bukkit.craftbukkit.inventory.ItemMetaImplementationOverrideTest" time="0"/>
  <testcase name="testClass[[65]:CraftMetaEnchantedBook contains applicableTo]" classname="org.bukkit.craftbukkit.inventory.ItemMetaImplementationOverrideTest" time="0"/>
  <testcase name="testClass[[66]:CraftMetaEnchantedBook contains serialize]" classname="org.bukkit.craftbukkit.inventory.ItemMetaImplementationOverrideTest" time="0"/>
  <testcase name="testClass[[67]:CraftMetaEnchantedBook contains applyToItem]" classname="org.bukkit.craftbukkit.inventory.ItemMetaImplementationOverrideTest" time="0"/>
  <testcase name="testClass[[68]:CraftMetaEnchantedBook contains applyHash]" classname="org.bukkit.craftbukkit.inventory.ItemMetaImplementationOverrideTest" time="0"/>
  <testcase name="testClass[[69]:CraftMetaEnchantedBook contains equalsCommon]" classname="org.bukkit.craftbukkit.inventory.ItemMetaImplementationOverrideTest" time="0"/>
  <testcase name="testClass[[70]:CraftMetaEnchantedBook contains notUncommon]" classname="org.bukkit.craftbukkit.inventory.ItemMetaImplementationOverrideTest" time="0"/>
  <testcase name="testClass[[71]:CraftMetaEnchantedBook contains annotation interface org.bukkit.configuration.serialization.DelegateDeserialization]" classname="org.bukkit.craftbukkit.inventory.ItemMetaImplementationOverrideTest" time="0"/>
  <testcase name="testClass[[72]:CraftMetaBlockState contains clone]" classname="org.bukkit.craftbukkit.inventory.ItemMetaImplementationOverrideTest" time="0"/>
  <testcase name="testClass[[73]:CraftMetaBlockState contains isEmpty]" classname="org.bukkit.craftbukkit.inventory.ItemMetaImplementationOverrideTest" time="0"/>
  <testcase name="testClass[[74]:CraftMetaBlockState contains applicableTo]" classname="org.bukkit.craftbukkit.inventory.ItemMetaImplementationOverrideTest" time="0"/>
  <testcase name="testClass[[75]:CraftMetaBlockState contains serialize]" classname="org.bukkit.craftbukkit.inventory.ItemMetaImplementationOverrideTest" time="0"/>
  <testcase name="testClass[[76]:CraftMetaBlockState contains applyToItem]" classname="org.bukkit.craftbukkit.inventory.ItemMetaImplementationOverrideTest" time="0"/>
  <testcase name="testClass[[77]:CraftMetaBlockState contains applyHash]" classname="org.bukkit.craftbukkit.inventory.ItemMetaImplementationOverrideTest" time="0"/>
  <testcase name="testClass[[78]:CraftMetaBlockState contains equalsCommon]" classname="org.bukkit.craftbukkit.inventory.ItemMetaImplementationOverrideTest" time="0"/>
  <testcase name="testClass[[79]:CraftMetaBlockState contains notUncommon]" classname="org.bukkit.craftbukkit.inventory.ItemMetaImplementationOverrideTest" time="0"/>
  <testcase name="testClass[[80]:CraftMetaBlockState contains annotation interface org.bukkit.configuration.serialization.DelegateDeserialization]" classname="org.bukkit.craftbukkit.inventory.ItemMetaImplementationOverrideTest" time="0"/>
  <testcase name="testClass[[81]:CraftMetaSkull contains clone]" classname="org.bukkit.craftbukkit.inventory.ItemMetaImplementationOverrideTest" time="0"/>
  <testcase name="testClass[[82]:CraftMetaSkull contains isEmpty]" classname="org.bukkit.craftbukkit.inventory.ItemMetaImplementationOverrideTest" time="0"/>
  <testcase name="testClass[[83]:CraftMetaSkull contains applicableTo]" classname="org.bukkit.craftbukkit.inventory.ItemMetaImplementationOverrideTest" time="0"/>
  <testcase name="testClass[[84]:CraftMetaSkull contains serialize]" classname="org.bukkit.craftbukkit.inventory.ItemMetaImplementationOverrideTest" time="0"/>
  <testcase name="testClass[[85]:CraftMetaSkull contains applyToItem]" classname="org.bukkit.craftbukkit.inventory.ItemMetaImplementationOverrideTest" time="0"/>
  <testcase name="testClass[[86]:CraftMetaSkull contains applyHash]" classname="org.bukkit.craftbukkit.inventory.ItemMetaImplementationOverrideTest" time="0"/>
  <testcase name="testClass[[87]:CraftMetaSkull contains equalsCommon]" classname="org.bukkit.craftbukkit.inventory.ItemMetaImplementationOverrideTest" time="0"/>
  <testcase name="testClass[[88]:CraftMetaSkull contains notUncommon]" classname="org.bukkit.craftbukkit.inventory.ItemMetaImplementationOverrideTest" time="0"/>
  <testcase name="testClass[[89]:CraftMetaSkull contains annotation interface org.bukkit.configuration.serialization.DelegateDeserialization]" classname="org.bukkit.craftbukkit.inventory.ItemMetaImplementationOverrideTest" time="0"/>
  <testcase name="testClass[[90]:CraftMetaBook contains clone]" classname="org.bukkit.craftbukkit.inventory.ItemMetaImplementationOverrideTest" time="0"/>
  <testcase name="testClass[[91]:CraftMetaBook contains isEmpty]" classname="org.bukkit.craftbukkit.inventory.ItemMetaImplementationOverrideTest" time="0"/>
  <testcase name="testClass[[92]:CraftMetaBook contains applicableTo]" classname="org.bukkit.craftbukkit.inventory.ItemMetaImplementationOverrideTest" time="0.001"/>
  <testcase name="testClass[[93]:CraftMetaBook contains serialize]" classname="org.bukkit.craftbukkit.inventory.ItemMetaImplementationOverrideTest" time="0"/>
  <testcase name="testClass[[94]:CraftMetaBook contains applyToItem]" classname="org.bukkit.craftbukkit.inventory.ItemMetaImplementationOverrideTest" time="0"/>
  <testcase name="testClass[[95]:CraftMetaBook contains applyHash]" classname="org.bukkit.craftbukkit.inventory.ItemMetaImplementationOverrideTest" time="0"/>
  <testcase name="testClass[[96]:CraftMetaBook contains equalsCommon]" classname="org.bukkit.craftbukkit.inventory.ItemMetaImplementationOverrideTest" time="0"/>
  <testcase name="testClass[[97]:CraftMetaBook contains notUncommon]" classname="org.bukkit.craftbukkit.inventory.ItemMetaImplementationOverrideTest" time="0"/>
  <testcase name="testClass[[98]:CraftMetaBook contains annotation interface org.bukkit.configuration.serialization.DelegateDeserialization]" classname="org.bukkit.craftbukkit.inventory.ItemMetaImplementationOverrideTest" time="0"/>
</testsuite>